Using pre-set license
Built from '2022.3/staging' branch; Version is '2022.3.4f1 (35713cd46cd7) revision 3502396'; Using compiler version '192829333'; Build Type 'Release'
OS: 'Windows 11  (10.0.22631) 64bit ProfessionalWorkstation' Language: 'en' Physical Memory: 32451 MB
BatchMode: 1, IsHumanControllingUs: 0, StartBugReporterOnCrash: 0, Is64bit: 1, IsPro: 1

COMMAND LINE ARGUMENTS:
C:\Program Files\Unity\Hub\Editor\2022.3.4f1\Editor\Unity.exe
-adb2
-batchMode
-noUpm
-name
AssetImportWorker0
-projectPath
C:/Users/Sara_Heimbecker/OneDrive - George Brown College/LevelDesign/DoorPuzzleUnity
-logFile
Logs/AssetImportWorker0.log
-srvPort
49916
Successfully changed project path to: C:/Users/Sara_Heimbecker/OneDrive - George Brown College/LevelDesign/DoorPuzzleUnity
C:/Users/Sara_Heimbecker/OneDrive - George Brown College/LevelDesign/DoorPuzzleUnity
[UnityMemory] Configuration Parameters - Can be set up in boot.config
    "memorysetup-bucket-allocator-granularity=16"
    "memorysetup-bucket-allocator-bucket-count=8"
    "memorysetup-bucket-allocator-block-size=33554432"
    "memorysetup-bucket-allocator-block-count=8"
    "memorysetup-main-allocator-block-size=16777216"
    "memorysetup-thread-allocator-block-size=16777216"
    "memorysetup-gfx-main-allocator-block-size=16777216"
    "memorysetup-gfx-thread-allocator-block-size=16777216"
    "memorysetup-cache-allocator-block-size=4194304"
    "memorysetup-typetree-allocator-block-size=2097152"
    "memorysetup-profiler-bucket-allocator-granularity=16"
    "memorysetup-profiler-bucket-allocator-bucket-count=8"
    "memorysetup-profiler-bucket-allocator-block-size=33554432"
    "memorysetup-profiler-bucket-allocator-block-count=8"
    "memorysetup-profiler-allocator-block-size=16777216"
    "memorysetup-profiler-editor-allocator-block-size=1048576"
    "memorysetup-temp-allocator-size-main=16777216"
    "memorysetup-job-temp-allocator-block-size=2097152"
    "memorysetup-job-temp-allocator-block-size-background=1048576"
    "memorysetup-job-temp-allocator-reduction-small-platforms=262144"
    "memorysetup-allocator-temp-initial-block-size-main=262144"
    "memorysetup-allocator-temp-initial-block-size-worker=262144"
    "memorysetup-temp-allocator-size-background-worker=32768"
    "memorysetup-temp-allocator-size-job-worker=262144"
    "memorysetup-temp-allocator-size-preload-manager=33554432"
    "memorysetup-temp-allocator-size-nav-mesh-worker=65536"
    "memorysetup-temp-allocator-size-audio-worker=65536"
    "memorysetup-temp-allocator-size-cloud-worker=32768"
    "memorysetup-temp-allocator-size-gi-baking-worker=262144"
    "memorysetup-temp-allocator-size-gfx=262144"
Player connection [12640] Host "[IP] 10.228.118.137 [Port] 0 [Flags] 2 [Guid] 717660480 [EditorId] 717660480 [Version] 1048832 [Id] WindowsEditor(7,WFD211-0007) [Debug] 1 [PackageName] WindowsEditor [ProjectName] Editor" joined multi-casting on [225.0.0.222:54997]...

Player connection [12640] Host "[IP] 10.228.118.137 [Port] 0 [Flags] 2 [Guid] 717660480 [EditorId] 717660480 [Version] 1048832 [Id] WindowsEditor(7,WFD211-0007) [Debug] 1 [PackageName] WindowsEditor [ProjectName] Editor" joined alternative multi-casting on [225.0.0.222:34997]...

Refreshing native plugins compatible for Editor in 5.50 ms, found 3 plugins.
Preloading 0 native plugins for Editor in 0.00 ms.
Initialize engine version: 2022.3.4f1 (35713cd46cd7)
[Subsystems] Discovering subsystems at path C:/Program Files/Unity/Hub/Editor/2022.3.4f1/Editor/Data/Resources/UnitySubsystems
[Subsystems] Discovering subsystems at path C:/Users/Sara_Heimbecker/OneDrive - George Brown College/LevelDesign/DoorPuzzleUnity/Assets
GfxDevice: creating device client; threaded=0; jobified=0
Direct3D:
    Version:  Direct3D 11.0 [level 11.1]
    Renderer: NVIDIA RTX A2000 12GB (ID=0x2571)
    Vendor:   NVIDIA
    VRAM:     12110 MB
    Driver:   32.0.15.5639
Initialize mono
Mono path[0] = 'C:/Program Files/Unity/Hub/Editor/2022.3.4f1/Editor/Data/Managed'
Mono path[1] = 'C:/Program Files/Unity/Hub/Editor/2022.3.4f1/Editor/Data/MonoBleedingEdge/lib/mono/unityjit-win32'
Mono config path = 'C:/Program Files/Unity/Hub/Editor/2022.3.4f1/Editor/Data/MonoBleedingEdge/etc'
Using monoOptions --debugger-agent=transport=dt_socket,embedding=1,server=y,suspend=n,address=127.0.0.1:56192
Begin MonoManager ReloadAssembly
Registering precompiled unity dll's ...
Register platform support module: C:/Program Files/Unity/Hub/Editor/2022.3.4f1/Editor/Data/PlaybackEngines/WebGLSupport/UnityEditor.WebGL.Extensions.dll
Register platform support module: C:/Program Files/Unity/Hub/Editor/2022.3.4f1/Editor/Data/PlaybackEngines/AndroidPlayer/UnityEditor.Android.Extensions.dll
Register platform support module: C:/Program Files/Unity/Hub/Editor/2022.3.4f1/Editor/Data/PlaybackEngines/iOSSupport/UnityEditor.iOS.Extensions.dll
Register platform support module: C:/Program Files/Unity/Hub/Editor/2022.3.4f1/Editor/Data/PlaybackEngines/WindowsStandaloneSupport/UnityEditor.WindowsStandalone.Extensions.dll
Register platform support module: C:/Program Files/Unity/Hub/Editor/2022.3.4f1/Editor/Data/PlaybackEngines/MetroSupport/UnityEditor.UWP.Extensions.dll
Registered in 0.011676 seconds.
- Loaded All Assemblies, in  0.318 seconds
Native extension for UWP target not found
Native extension for WindowsStandalone target not found
[usbmuxd] Start listen thread
[usbmuxd] Listen thread started
Native extension for iOS target not found
Native extension for Android target not found
Android Extension - Scanning For ADB Devices 205 ms
Native extension for WebGL target not found
Mono: successfully reloaded assembly
- Finished resetting the current domain, in  0.514 seconds
Domain Reload Profiling: 831ms
	BeginReloadAssembly (74ms)
		ExecutionOrderSort (0ms)
		DisableScriptedObjects (0ms)
		BackupInstance (0ms)
		ReleaseScriptingObjects (0ms)
		CreateAndSetChildDomain (1ms)
	RebuildCommonClasses (32ms)
	RebuildNativeTypeToScriptingClass (11ms)
	initialDomainReloadingComplete (57ms)
	LoadAllAssembliesAndSetupDomain (142ms)
		LoadAssemblies (73ms)
		RebuildTransferFunctionScriptingTraits (0ms)
		AnalyzeDomain (137ms)
			TypeCache.Refresh (136ms)
				TypeCache.ScanAssembly (124ms)
			ScanForSourceGeneratedMonoScriptInfo (0ms)
			ResolveRequiredComponents (0ms)
	FinalizeReload (514ms)
		ReleaseScriptCaches (0ms)
		RebuildScriptCaches (0ms)
		SetupLoadedEditorAssemblies (462ms)
			LogAssemblyErrors (0ms)
			InitializePlatformSupportModulesInManaged (330ms)
			SetLoadedEditorAssemblies (4ms)
			RefreshPlugins (0ms)
			BeforeProcessingInitializeOnLoad (2ms)
			ProcessInitializeOnLoadAttributes (85ms)
			ProcessInitializeOnLoadMethodAttributes (41ms)
			AfterProcessingInitializeOnLoad (0ms)
			EditorAssembliesLoaded (0ms)
		ExecutionOrderSort2 (0ms)
		AwakeInstancesAfterBackupRestoration (0ms)
========================================================================
Worker process is ready to serve import requests
Begin MonoManager ReloadAssembly
Symbol file LoadedFromMemory doesn't match image C:\Users\Sara_Heimbecker\OneDrive - George Brown College\LevelDesign\DoorPuzzleUnity\Library\PackageCache\com.unity.visualscripting@1.8.0\Editor\VisualScripting.Core\Dependencies\YamlDotNet\Unity.VisualScripting.YamlDotNet.dll
Symbol file LoadedFromMemory doesn't match image C:\Users\Sara_Heimbecker\OneDrive - George Brown College\LevelDesign\DoorPuzzleUnity\Library\PackageCache\com.unity.visualscripting@1.8.0\Editor\VisualScripting.Core\Dependencies\DotNetZip\Unity.VisualScripting.IonicZip.dll
- Loaded All Assemblies, in  0.668 seconds
Refreshing native plugins compatible for Editor in 2.25 ms, found 3 plugins.
Native extension for UWP target not found
Native extension for WindowsStandalone target not found
Native extension for iOS target not found
Native extension for Android target not found
Native extension for WebGL target not found
Package Manager log level set to [2]
[Package Manager] Server::EnsureServerProcessIsRunning -- launch failed, reason: Unity was launched with the -noUpm command-line argument
[Package Manager] UpmClient::Send -- Unable to send message (not connected to UPM process).
[Package Manager] Cannot connect to Unity Package Manager local server
Mono: successfully reloaded assembly
- Finished resetting the current domain, in  0.548 seconds
Domain Reload Profiling: 1214ms
	BeginReloadAssembly (115ms)
		ExecutionOrderSort (0ms)
		DisableScriptedObjects (5ms)
		BackupInstance (0ms)
		ReleaseScriptingObjects (0ms)
		CreateAndSetChildDomain (22ms)
	RebuildCommonClasses (31ms)
	RebuildNativeTypeToScriptingClass (11ms)
	initialDomainReloadingComplete (36ms)
	LoadAllAssembliesAndSetupDomain (472ms)
		LoadAssemblies (226ms)
		RebuildTransferFunctionScriptingTraits (0ms)
		AnalyzeDomain (299ms)
			TypeCache.Refresh (282ms)
				TypeCache.ScanAssembly (268ms)
			ScanForSourceGeneratedMonoScriptInfo (14ms)
			ResolveRequiredComponents (4ms)
	FinalizeReload (548ms)
		ReleaseScriptCaches (0ms)
		RebuildScriptCaches (0ms)
		SetupLoadedEditorAssemblies (398ms)
			LogAssemblyErrors (0ms)
			InitializePlatformSupportModulesInManaged (31ms)
			SetLoadedEditorAssemblies (4ms)
			RefreshPlugins (0ms)
			BeforeProcessingInitializeOnLoad (51ms)
			ProcessInitializeOnLoadAttributes (290ms)
			ProcessInitializeOnLoadMethodAttributes (17ms)
			AfterProcessingInitializeOnLoad (5ms)
			EditorAssembliesLoaded (0ms)
		ExecutionOrderSort2 (0ms)
		AwakeInstancesAfterBackupRestoration (7ms)
Launched and connected shader compiler UnityShaderCompiler.exe after 0.03 seconds
Refreshing native plugins compatible for Editor in 2.08 ms, found 3 plugins.
Preloading 0 native plugins for Editor in 0.00 ms.
Unloading 3093 Unused Serialized files (Serialized files now loaded: 0)
Unloading 31 unused Assets / (56.3 KB). Loaded Objects now: 3563.
Memory consumption went from 122.5 MB to 122.5 MB.
Total: 3.195700 ms (FindLiveObjects: 0.292000 ms CreateObjectMapping: 0.156100 ms MarkObjects: 2.650600 ms  DeleteObjects: 0.096100 ms)

AssetImportParameters requested are different than current active one (requested -> active):
  custom:container-demuxer-ogg: 62fdf1f143b41e24485cea50d1cbac27 -> 
  custom:video-decoder-ogg-theora: a1e56fd34408186e4bbccfd4996cb3dc -> 
  custom:framework-win-MediaFoundation: 216162199b28c13a410421893ffa2e32 -> 
  custom:CustomObjectIndexerAttribute: 756ad292c208cfabdd7b50bc23989ffe -> 
  custom:container-demuxer-webm: 4f35f7cbe854078d1ac9338744f61a02 -> 
  custom:container-muxer-webm: aa71ff27fc2769a1b78a27578f13a17b -> 
  custom:video-decoder-webm-vp8: 9c59270c3fd7afecdb556c50c9e8de78 -> 
  custom:AudioImporter_EditorPlatform: d09bf68614088b80899f8185d706f6e7 -> 
  custom:video-encoder-webm-vp8: eb34c28f22e8b96e1ab97ce403110664 -> 
  custom:audio-decoder-ogg-vorbis: bf7c407c2cedff20999df2af8eb42d56 -> 
  custom:audio-encoder-webm-vorbis: bf7c407c2cedff20999df2af8eb42d56 -> 
========================================================================
Received Import Request.
  Time since last request: 293.701587 seconds.
  path: Assets/Prefabs
  artifactKey: Guid(8519a66604d94a5478926711b2c33b7b) Importer(815301076,1909f56bfc062723c751e8b465ee728b)
Start importing Assets/Prefabs using Guid(8519a66604d94a5478926711b2c33b7b) Importer(815301076,1909f56bfc062723c751e8b465ee728b)  -> (artifact id: 'eb72a049a3d2705667d39ef231e43e57') in 0.002758 seconds
Number of updated asset objects reloaded before import = 0
Number of asset objects unloaded after import = 0
========================================================================
Received Import Request.
  Time since last request: 0.079266 seconds.
  path: Assets/Prefabs/Ground.prefab
  artifactKey: Guid(b7ebe79fabd6c0244babcce6af977281) Importer(815301076,1909f56bfc062723c751e8b465ee728b)
Start importing Assets/Prefabs/Ground.prefab using Guid(b7ebe79fabd6c0244babcce6af977281) Importer(815301076,1909f56bfc062723c751e8b465ee728b)  -> (artifact id: '9bbd534221cb5b345de8e59041e37c9a') in 0.232921 seconds
Number of updated asset objects reloaded before import = 0
Number of asset objects unloaded after import = 52
========================================================================
Received Import Request.
  Time since last request: 4.022389 seconds.
  path: Assets/Prefabs/Chess.prefab
  artifactKey: Guid(d0657bcc9d0879c4dadd3ed9a283d3c4) Importer(815301076,1909f56bfc062723c751e8b465ee728b)
Start importing Assets/Prefabs/Chess.prefab using Guid(d0657bcc9d0879c4dadd3ed9a283d3c4) Importer(815301076,1909f56bfc062723c751e8b465ee728b)  -> (artifact id: '6663383250d8bf48be15b8ce5211a688') in 0.045679 seconds
Number of updated asset objects reloaded before import = 0
Number of asset objects unloaded after import = 634
========================================================================
Received Import Request.
  Time since last request: 11.526433 seconds.
  path: Assets/Prefabs/Torches.prefab
  artifactKey: Guid(04e5657bca1f7ec43b18d904eccb2c7f) Importer(815301076,1909f56bfc062723c751e8b465ee728b)
Start importing Assets/Prefabs/Torches.prefab using Guid(04e5657bca1f7ec43b18d904eccb2c7f) Importer(815301076,1909f56bfc062723c751e8b465ee728b)  -> (artifact id: '27d3709d8fe748dc62c5de553c3da209') in 0.013758 seconds
Number of updated asset objects reloaded before import = 0
Number of asset objects unloaded after import = 395
========================================================================
Received Import Request.
  Time since last request: 111.054487 seconds.
  path: Assets/Prefabs/Banners.prefab
  artifactKey: Guid(f0e56689f6152e34588238f55d9bf258) Importer(815301076,1909f56bfc062723c751e8b465ee728b)
Start importing Assets/Prefabs/Banners.prefab using Guid(f0e56689f6152e34588238f55d9bf258) Importer(815301076,1909f56bfc062723c751e8b465ee728b)  -> (artifact id: '0a3f125b692f124d38d97c8f6e7535b8') in 0.016287 seconds
Number of updated asset objects reloaded before import = 0
Number of asset objects unloaded after import = 408
========================================================================
Received Import Request.
  Time since last request: 1141.158404 seconds.
  path: Assets/Scenes/SampleScene.unity
  artifactKey: Guid(9fc0d4010bbf28b4594072e72b8655ab) Importer(815301076,1909f56bfc062723c751e8b465ee728b)
Start importing Assets/Scenes/SampleScene.unity using Guid(9fc0d4010bbf28b4594072e72b8655ab) Importer(815301076,1909f56bfc062723c751e8b465ee728b)  -> (artifact id: 'a10a156d0d97da5e6d27ba91763fd6aa') in 0.001182 seconds
Number of updated asset objects reloaded before import = 0
Number of asset objects unloaded after import = 0
========================================================================
Received Import Request.
  Time since last request: 1088.391170 seconds.
  path: Assets/ImportedAssets
  artifactKey: Guid(a1328332dc654e146a8fe0853ffd665d) Importer(815301076,1909f56bfc062723c751e8b465ee728b)
Start importing Assets/ImportedAssets using Guid(a1328332dc654e146a8fe0853ffd665d) Importer(815301076,1909f56bfc062723c751e8b465ee728b)  -> (artifact id: 'f29a93602599d8472015e1a93dfbb791') in 0.000837 seconds
Number of updated asset objects reloaded before import = 0
Number of asset objects unloaded after import = 0
========================================================================
Received Import Request.
  Time since last request: 1.221832 seconds.
  path: Assets/ImportedAssets/DungeonAssetPack
  artifactKey: Guid(40cddb27a2e9f57489943af58b378408) Importer(815301076,1909f56bfc062723c751e8b465ee728b)
Start importing Assets/ImportedAssets/DungeonAssetPack using Guid(40cddb27a2e9f57489943af58b378408) Importer(815301076,1909f56bfc062723c751e8b465ee728b)  -> (artifact id: 'd258cb8b3ae4005f8c296c2a75581775') in 0.000573 seconds
Number of updated asset objects reloaded before import = 0
Number of asset objects unloaded after import = 0
========================================================================
Received Import Request.
  Time since last request: 1.822961 seconds.
  path: Assets/ImportedAssets/DungeonAssetPack/Mesh
  artifactKey: Guid(46bf819683f84a24795722a09d761724) Importer(815301076,1909f56bfc062723c751e8b465ee728b)
Start importing Assets/ImportedAssets/DungeonAssetPack/Mesh using Guid(46bf819683f84a24795722a09d761724) Importer(815301076,1909f56bfc062723c751e8b465ee728b)  -> (artifact id: '8ad0c0e0bee1d4810c521949dfa0b3e4') in 0.000618 seconds
Number of updated asset objects reloaded before import = 0
Number of asset objects unloaded after import = 0
========================================================================
Received Import Request.
  Time since last request: 0.098549 seconds.
  path: Assets/ImportedAssets/DungeonAssetPack/Mesh/Dungeon.fbx
  artifactKey: Guid(761f086b8ea3d3b498c848051eb930a8) Importer(815301076,1909f56bfc062723c751e8b465ee728b)
Start importing Assets/ImportedAssets/DungeonAssetPack/Mesh/Dungeon.fbx using Guid(761f086b8ea3d3b498c848051eb930a8) Importer(815301076,1909f56bfc062723c751e8b465ee728b)  -> (artifact id: 'd578e1cf11ea8b6ba752d26b09093b60') in 0.414252 seconds
Number of updated asset objects reloaded before import = 0
Number of asset objects unloaded after import = 371
========================================================================
Received Import Request.
  Time since last request: 1.747994 seconds.
  path: Assets/ImportedAssets/DungeonAssetPack/Prefabs
  artifactKey: Guid(58df72958cc3faa43994f00268604e26) Importer(815301076,1909f56bfc062723c751e8b465ee728b)
Start importing Assets/ImportedAssets/DungeonAssetPack/Prefabs using Guid(58df72958cc3faa43994f00268604e26) Importer(815301076,1909f56bfc062723c751e8b465ee728b)  -> (artifact id: 'a0165f957a00df9b97702aef7f314a4b') in 0.001006 seconds
Number of updated asset objects reloaded before import = 0
Number of asset objects unloaded after import = 0
========================================================================
Received Import Request.
  Time since last request: 1.581904 seconds.
  path: Assets/ImportedAssets/DungeonAssetPack/Prefabs/StructureParts
  artifactKey: Guid(1e36a7be4a96f3f4686e65c235a4f1a9) Importer(815301076,1909f56bfc062723c751e8b465ee728b)
Start importing Assets/ImportedAssets/DungeonAssetPack/Prefabs/StructureParts using Guid(1e36a7be4a96f3f4686e65c235a4f1a9) Importer(815301076,1909f56bfc062723c751e8b465ee728b)  -> (artifact id: 'c018a45f935bd5457daecb72a3c3d4ea') in 0.000557 seconds
Number of updated asset objects reloaded before import = 0
Number of asset objects unloaded after import = 0
========================================================================
Received Import Request.
  Time since last request: 0.075321 seconds.
  path: Assets/ImportedAssets/DungeonAssetPack/Prefabs/StructureParts/Big_Flat_Floor.prefab
  artifactKey: Guid(d5f9d31939f283e4088c7d5e529827b3) Importer(815301076,1909f56bfc062723c751e8b465ee728b)
Start importing Assets/ImportedAssets/DungeonAssetPack/Prefabs/StructureParts/Big_Flat_Floor.prefab using Guid(d5f9d31939f283e4088c7d5e529827b3) Importer(815301076,1909f56bfc062723c751e8b465ee728b)  -> (artifact id: 'bc80f402d7d8e6be9cad7e891516e550') in 0.014781 seconds
Number of updated asset objects reloaded before import = 0
Number of asset objects unloaded after import = 377
========================================================================
Received Import Request.
  Time since last request: 0.001086 seconds.
  path: Assets/ImportedAssets/DungeonAssetPack/Prefabs/StructureParts/Flat_Doorway.prefab
  artifactKey: Guid(7a756a1138b5901419953d835ddb6483) Importer(815301076,1909f56bfc062723c751e8b465ee728b)
Start importing Assets/ImportedAssets/DungeonAssetPack/Prefabs/StructureParts/Flat_Doorway.prefab using Guid(7a756a1138b5901419953d835ddb6483) Importer(815301076,1909f56bfc062723c751e8b465ee728b)  -> (artifact id: '38ae311c390940c3e0319b9337882667') in 0.014317 seconds
Number of updated asset objects reloaded before import = 0
Number of asset objects unloaded after import = 377
========================================================================
Received Import Request.
  Time since last request: 0.004073 seconds.
  path: Assets/ImportedAssets/DungeonAssetPack/Prefabs/StructureParts/Jail_Door.prefab
  artifactKey: Guid(c7893fc5ac313814999e5d23026eecd3) Importer(815301076,1909f56bfc062723c751e8b465ee728b)
Start importing Assets/ImportedAssets/DungeonAssetPack/Prefabs/StructureParts/Jail_Door.prefab using Guid(c7893fc5ac313814999e5d23026eecd3) Importer(815301076,1909f56bfc062723c751e8b465ee728b)  -> (artifact id: 'ac1f2f96af5698688305ec8bf99d3ed2') in 0.014318 seconds
Number of updated asset objects reloaded before import = 0
Number of asset objects unloaded after import = 377
========================================================================
Received Import Request.
  Time since last request: 0.000018 seconds.
  path: Assets/ImportedAssets/DungeonAssetPack/Prefabs/StructureParts/Jail_Doorway.prefab
  artifactKey: Guid(b9661431615f91b4db8782055335b4d5) Importer(815301076,1909f56bfc062723c751e8b465ee728b)
Start importing Assets/ImportedAssets/DungeonAssetPack/Prefabs/StructureParts/Jail_Doorway.prefab using Guid(b9661431615f91b4db8782055335b4d5) Importer(815301076,1909f56bfc062723c751e8b465ee728b)  -> (artifact id: '05d361dfd8664189a8f14d67b19e0a3a') in 0.012854 seconds
Number of updated asset objects reloaded before import = 0
Number of asset objects unloaded after import = 379
========================================================================
Received Import Request.
  Time since last request: 0.000024 seconds.
  path: Assets/ImportedAssets/DungeonAssetPack/Prefabs/StructureParts/Stone_Wall_Corner.prefab
  artifactKey: Guid(b65176b0dc5ebba409ed474e8f9b4fe4) Importer(815301076,1909f56bfc062723c751e8b465ee728b)
Start importing Assets/ImportedAssets/DungeonAssetPack/Prefabs/StructureParts/Stone_Wall_Corner.prefab using Guid(b65176b0dc5ebba409ed474e8f9b4fe4) Importer(815301076,1909f56bfc062723c751e8b465ee728b)  -> (artifact id: '1fddc5c219465957c0c17896f3fb49a7') in 0.012378 seconds
Number of updated asset objects reloaded before import = 0
Number of asset objects unloaded after import = 377
========================================================================
Received Import Request.
  Time since last request: 0.000015 seconds.
  path: Assets/ImportedAssets/DungeonAssetPack/Prefabs/StructureParts/Tyled_Doorway.prefab
  artifactKey: Guid(3c232570a17d7e6418a480f6ac25f8f7) Importer(815301076,1909f56bfc062723c751e8b465ee728b)
Start importing Assets/ImportedAssets/DungeonAssetPack/Prefabs/StructureParts/Tyled_Doorway.prefab using Guid(3c232570a17d7e6418a480f6ac25f8f7) Importer(815301076,1909f56bfc062723c751e8b465ee728b)  -> (artifact id: 'ee77884ad7e862f7800c6d10dbbc0b56') in 0.013567 seconds
Number of updated asset objects reloaded before import = 0
Number of asset objects unloaded after import = 377
========================================================================
Received Import Request.
  Time since last request: 0.000017 seconds.
  path: Assets/ImportedAssets/DungeonAssetPack/Prefabs/StructureParts/Flat_Floor.prefab
  artifactKey: Guid(3b7501cf91abe9c48958e7862c1799ef) Importer(815301076,1909f56bfc062723c751e8b465ee728b)
Start importing Assets/ImportedAssets/DungeonAssetPack/Prefabs/StructureParts/Flat_Floor.prefab using Guid(3b7501cf91abe9c48958e7862c1799ef) Importer(815301076,1909f56bfc062723c751e8b465ee728b)  -> (artifact id: 'efce1011346aa96c202dbf59baba599e') in 0.014710 seconds
Number of updated asset objects reloaded before import = 0
Number of asset objects unloaded after import = 377
========================================================================
Received Import Request.
  Time since last request: 0.000016 seconds.
  path: Assets/ImportedAssets/DungeonAssetPack/Prefabs/StructureParts/Wooden_Door.prefab
  artifactKey: Guid(6d7a739afa8840e47b2269073a4ea42e) Importer(815301076,1909f56bfc062723c751e8b465ee728b)
Start importing Assets/ImportedAssets/DungeonAssetPack/Prefabs/StructureParts/Wooden_Door.prefab using Guid(6d7a739afa8840e47b2269073a4ea42e) Importer(815301076,1909f56bfc062723c751e8b465ee728b)  -> (artifact id: '2047d44847b7d8d70cd74f7279bee7f1') in 0.013420 seconds
Number of updated asset objects reloaded before import = 0
Number of asset objects unloaded after import = 377
========================================================================
Received Import Request.
  Time since last request: 0.000013 seconds.
  path: Assets/ImportedAssets/DungeonAssetPack/Prefabs/StructureParts/FloorTrap.prefab
  artifactKey: Guid(ac2a5fa667426034d8e32a13186ff1e5) Importer(815301076,1909f56bfc062723c751e8b465ee728b)
Start importing Assets/ImportedAssets/DungeonAssetPack/Prefabs/StructureParts/FloorTrap.prefab using Guid(ac2a5fa667426034d8e32a13186ff1e5) Importer(815301076,1909f56bfc062723c751e8b465ee728b)  -> (artifact id: '11d93f378b23ef12c9f454c7bf9ac66f') in 0.014355 seconds
Number of updated asset objects reloaded before import = 0
Number of asset objects unloaded after import = 377
========================================================================
Received Import Request.
  Time since last request: 0.000014 seconds.
  path: Assets/ImportedAssets/DungeonAssetPack/Prefabs/StructureParts/Jail_Wall.prefab
  artifactKey: Guid(f5a42311009a9674fbc37df24a9a3d0c) Importer(815301076,1909f56bfc062723c751e8b465ee728b)
Start importing Assets/ImportedAssets/DungeonAssetPack/Prefabs/StructureParts/Jail_Wall.prefab using Guid(f5a42311009a9674fbc37df24a9a3d0c) Importer(815301076,1909f56bfc062723c751e8b465ee728b)  -> (artifact id: 'ee367bc76793b538c5162dc75466b031') in 0.014086 seconds
Number of updated asset objects reloaded before import = 0
Number of asset objects unloaded after import = 377
========================================================================
Received Import Request.
  Time since last request: 0.000015 seconds.
  path: Assets/ImportedAssets/DungeonAssetPack/Prefabs/StructureParts/Tyled_Floor.prefab
  artifactKey: Guid(ddc99359067b1b54d859ed8102cd291d) Importer(815301076,1909f56bfc062723c751e8b465ee728b)
Start importing Assets/ImportedAssets/DungeonAssetPack/Prefabs/StructureParts/Tyled_Floor.prefab using Guid(ddc99359067b1b54d859ed8102cd291d) Importer(815301076,1909f56bfc062723c751e8b465ee728b)  -> (artifact id: '200592aac16f274232d1cd3a25f6f92d') in 0.012878 seconds
Number of updated asset objects reloaded before import = 0
Number of asset objects unloaded after import = 377
========================================================================
Received Import Request.
  Time since last request: 0.000015 seconds.
  path: Assets/ImportedAssets/DungeonAssetPack/Prefabs/StructureParts/Flat_Wall.prefab
  artifactKey: Guid(166b92b7222fe8344a671615701d3657) Importer(815301076,1909f56bfc062723c751e8b465ee728b)
Start importing Assets/ImportedAssets/DungeonAssetPack/Prefabs/StructureParts/Flat_Wall.prefab using Guid(166b92b7222fe8344a671615701d3657) Importer(815301076,1909f56bfc062723c751e8b465ee728b)  -> (artifact id: '20ae9f4718c1f4c9c324d2de7ea0e2a4') in 0.014018 seconds
Number of updated asset objects reloaded before import = 0
Number of asset objects unloaded after import = 377
========================================================================
Received Import Request.
  Time since last request: 0.000015 seconds.
  path: Assets/ImportedAssets/DungeonAssetPack/Prefabs/StructureParts/Jail_Column.prefab
  artifactKey: Guid(a5b211f73859b9842965c4130fcf7664) Importer(815301076,1909f56bfc062723c751e8b465ee728b)
Start importing Assets/ImportedAssets/DungeonAssetPack/Prefabs/StructureParts/Jail_Column.prefab using Guid(a5b211f73859b9842965c4130fcf7664) Importer(815301076,1909f56bfc062723c751e8b465ee728b)  -> (artifact id: '18c669e7bf42aadbe8a5d356c5d7b3c3') in 0.013832 seconds
Number of updated asset objects reloaded before import = 0
Number of asset objects unloaded after import = 377
========================================================================
Received Import Request.
  Time since last request: 0.000014 seconds.
  path: Assets/ImportedAssets/DungeonAssetPack/Prefabs/StructureParts/Tyled_Wall.prefab
  artifactKey: Guid(89d6816f524b88b4c9968fd91bc3322b) Importer(815301076,1909f56bfc062723c751e8b465ee728b)
Start importing Assets/ImportedAssets/DungeonAssetPack/Prefabs/StructureParts/Tyled_Wall.prefab using Guid(89d6816f524b88b4c9968fd91bc3322b) Importer(815301076,1909f56bfc062723c751e8b465ee728b)  -> (artifact id: '5464429e198fc3b33ccd4861023c3287') in 0.013130 seconds
Number of updated asset objects reloaded before import = 0
Number of asset objects unloaded after import = 377
Editor requested this worker to shutdown with reason: Scaling down because of idle timeout
TcpMessagingSession - receive error: operation aborted. errorcode: 995, details: The I/O operation has been aborted because of either a thread exit or an application request.
AssetImportWorker is now disconnected from the server
Process exiting
Exiting without the bug reporter. Application will terminate with return code 0